<?xml version="1.0" encoding="UTF-8"?>
<!-- Generated by org.testng.reporters.JUnitReportReporter -->
<testsuite hostname="HP" name="demo.demo.Test" tests="1" failures="0" timestamp="22 Jun 2019 02:26:32 GMT" time="31.915" errors="0">
  <testcase name="googletitleTest" time="31.915" classname="demo.demo.Test"/>
</testsuite> <!-- demo.demo.Test -->
