<?xml version="1.0" encoding="UTF-8"?>
<!-- Generated by org.testng.reporters.JUnitReportReporter -->
<testsuite hostname="HP" name="testclass.Test" tests="1" failures="0" timestamp="8 Jul 2019 07:07:10 GMT" time="42.746" errors="0">
  <testcase name="googletitleTest1" time="42.746" classname="testclass.Test"/>
</testsuite> <!-- testclass.Test -->
